Arguments: 
  C:\Program Files\nodejs\node.exe C:\Program Files (x86)\Yarn\bin\yarn.js add react-native-gesture-handler

PATH: 
  C:\Program Files (x86)\Common Files\Oracle\Java\javapath;C:\Program Files (x86)\Intel\Intel(R) Management Engine Components\iCLS\;C:\Program Files\Intel\Intel(R) Management Engine Components\iCLS\;C:\Windows\system32;C:\Windows;C:\Windows\System32\Wbem;C:\Windows\System32\WindowsPowerShell\v1.0\;C:\Windows\System32\OpenSSH\;C:\Program Files (x86)\Intel\Intel(R) Management Engine Components\DAL;C:\Program Files\Intel\Intel(R) Management Engine Components\DAL;C:\Program Files (x86)\Intel\Intel(R) Management Engine Components\IPT;C:\Program Files\Intel\Intel(R) Management Engine Components\IPT;C:\Program Files (x86)\NVIDIA Corporation\PhysX\Common;C:\WINDOWS\system32;C:\WINDOWS;C:\WINDOWS\System32\Wbem;C:\WINDOWS\System32\WindowsPowerShell\v1.0\;C:\WINDOWS\System32\OpenSSH\;C:\Program Files\Git\cmd;C:\Program Files (x86)\Yarn\bin\;C:\ProgramData\chocolatey\bin;C:\Program Files\nodejs\;C:\Users\Shlok's Lappy\AppData\Local\Microsoft\WindowsApps;C:\Users\Shlok's Lappy\AppData\Local\Programs\Microsoft VS Code\bin;C:\Users\Shlok's Lappy\AppData\Local\Yarn\bin;C:\Program Files\JetBrains\IntelliJ IDEA 2019.2\bin;;C:\cygwin64\bin;C:\Users\Shlok's Lappy\AppData\Roaming\npm

Yarn version: 
  1.17.3

Node version: 
  10.16.3

Platform: 
  win32 x64

Trace: 
  Error: EPERM: operation not permitted, unlink 'D:\Learn\ReactNative\navigat-o-mon\v2\navigat-o-mon\node_modules\@callstack\react-theme-provider\node_modules\hoist-non-react-statics\dist'

npm manifest: 
  {
    "name": "navigat-o-mon",
    "version": "1.0.0",
    "description": "A demo app used to show different types of navigation modes in React-Native",
    "author": "b30wulffz",
    "private": true,
    "main": "node_modules/expo/AppEntry.js",
    "dependencies": {
      "expo": "^34.0.0",
      "react": "16.8.3",
      "react-native": "https://github.com/expo/react-native/archive/sdk-34.0.1.tar.gz",
      "react-native-elements": "1.1.0",
      "react-native-paper": "2.16.0",
      "react-navigation": "3.12.1",
      "react-navigation-material-bottom-tabs": "1.1.1",
      "react-native-vector-icons": "6.6.0"
    }
  }

yarn manifest: 
  No manifest

Lockfile: 
  No lockfile
